2025-04-03 10:17:59,924 - INFO - Starting Pricing Prediction Pipeline...
2025-04-03 10:17:59,925 - INFO - Loading raw data...
2025-04-03 10:17:59,925 - INFO - Opening Excel Files...
2025-04-03 10:18:00,240 - INFO - Data successfully written to raw_prices table.
2025-04-03 10:18:00,241 - INFO - Training the model...
2025-04-03 10:18:00,260 - INFO - Saving model...
2025-04-03 10:19:16,524 - INFO - Starting Pricing Prediction Pipeline...
2025-04-03 10:19:16,525 - INFO - Loading raw data...
2025-04-03 10:19:16,525 - INFO - Opening Excel Files...
2025-04-03 10:19:16,852 - INFO - Data successfully written to raw_prices table.
2025-04-03 10:19:16,852 - INFO - Training the model...
2025-04-03 10:19:16,867 - INFO - Saving model...
2025-04-03 10:20:48,211 - INFO - Starting Pricing Prediction Pipeline...
2025-04-03 10:20:48,211 - INFO - Loading raw data...
2025-04-03 10:20:48,212 - INFO - Opening Excel Files...
2025-04-03 10:20:48,507 - INFO - Data successfully written to raw_prices table.
2025-04-03 10:20:48,507 - INFO - Training the model...
2025-04-03 10:20:48,522 - INFO - Saving model...
2025-04-03 10:28:04,824 - INFO - Starting Pricing Prediction Pipeline...
2025-04-03 10:28:04,824 - INFO - Loading raw data...
2025-04-03 10:28:04,824 - INFO - Opening Excel Files...
2025-04-03 10:28:05,194 - INFO - Data successfully written to raw_prices table.
2025-04-03 10:28:05,195 - INFO - Training the model...
2025-04-03 10:28:05,215 - INFO - Saving model...
2025-04-03 15:40:35,403 - INFO - Starting Pricing Prediction Pipeline...
2025-04-03 15:40:35,403 - INFO - Loading raw data...
2025-04-03 15:40:35,404 - INFO - Opening Excel Files...
2025-04-03 15:40:35,730 - INFO - Data successfully written to raw_prices table.
2025-04-03 15:40:35,731 - INFO - Training the model...
2025-04-03 15:40:35,760 - INFO - Saving model...
